INFO 2020-10-27 18:40:57,014 -----登录功能开始
INFO 2020-10-27 18:40:57,153 -----输入用户名：admin
INFO 2020-10-27 18:40:57,278 -----输入密码：123456
INFO 2020-10-27 18:40:58,802 -----点击登录
INFO 2020-10-27 18:40:58,809 change frame
INFO 2020-10-27 18:40:58,856 click button:客户信息
INFO 2020-10-27 18:40:59,960 select_customer_message finish
INFO 2020-10-27 18:40:59,961 change frame
INFO 2020-10-27 18:41:03,057 click element
INFO 2020-10-27 18:41:04,674 input customer_name:李然
INFO 2020-10-27 18:41:04,795 input customer_email:123456@qq.com
INFO 2020-10-27 18:41:04,934 change readOnly
INFO 2020-10-27 18:41:04,943 input custome_birthday:2020-10-15  18:36:09
INFO 2020-10-27 18:41:05,092 input option_manager:admin
INFO 2020-10-27 18:41:05,215 click element
INFO 2020-10-27 18:41:06,424 create_customer finish
INFO 2020-10-27 18:41:06,437 change frame
INFO 2020-10-27 18:41:06,562 click button:客户分配
INFO 2020-10-27 18:41:07,648 select_customer_distribution finish
INFO 2020-10-27 18:41:07,649 change frame
INFO 2020-10-27 18:41:10,724 获得记录条数
INFO 2020-10-27 18:41:10,752 解析获得记录条数：13
INFO 2020-10-27 18:41:10,779 获得页面数据内容：李然
INFO 2020-10-27 18:41:10,798 从数据库中删除新增的记录：李然
