INFO 2020-10-29 10:10:18,483 -----登录功能开始
INFO 2020-10-29 10:10:20,175 -----输入用户名：123
INFO 2020-10-29 10:10:21,007 -----输入密码：000
INFO 2020-10-29 10:10:22,613 -----点击登录
INFO 2020-10-29 10:10:43,788 -----登录功能开始
INFO 2020-10-29 10:10:44,044 -----输入用户名：admin
INFO 2020-10-29 10:10:44,335 -----输入密码：
INFO 2020-10-29 10:10:45,503 -----点击登录
INFO 2020-10-29 10:10:57,125 -----登录功能开始
INFO 2020-10-29 10:10:57,374 -----输入用户名：admin
INFO 2020-10-29 10:10:57,597 -----输入密码：123456
INFO 2020-10-29 10:10:59,500 -----点击登录
INFO 2020-10-29 10:11:09,582 -----登录功能开始
INFO 2020-10-29 10:11:09,733 -----输入用户名：
INFO 2020-10-29 10:11:09,866 -----输入密码：123456
INFO 2020-10-29 10:11:10,972 -----点击登录
INFO 2020-10-29 10:11:20,614 -----登录功能开始
INFO 2020-10-29 10:11:20,801 -----输入用户名：
INFO 2020-10-29 10:11:20,934 -----输入密码：
INFO 2020-10-29 10:11:21,997 -----点击登录
INFO 2020-10-29 10:19:09,464 -----登录功能开始
INFO 2020-10-29 10:19:09,585 -----输入用户名：123
INFO 2020-10-29 10:19:09,708 -----输入密码：000
INFO 2020-10-29 10:19:10,847 -----点击登录
INFO 2020-10-29 10:19:19,587 -----登录功能开始
INFO 2020-10-29 10:19:19,712 -----输入用户名：admin
INFO 2020-10-29 10:19:19,823 -----输入密码：
INFO 2020-10-29 10:19:20,884 -----点击登录
INFO 2020-10-29 10:19:30,029 -----登录功能开始
INFO 2020-10-29 10:19:30,177 -----输入用户名：admin
INFO 2020-10-29 10:19:30,304 -----输入密码：123456
INFO 2020-10-29 10:19:31,655 -----点击登录
INFO 2020-10-29 10:19:41,012 -----登录功能开始
INFO 2020-10-29 10:19:41,128 -----输入用户名：
INFO 2020-10-29 10:19:41,240 -----输入密码：123456
INFO 2020-10-29 10:19:42,303 -----点击登录
INFO 2020-10-29 10:19:50,942 -----登录功能开始
INFO 2020-10-29 10:19:51,058 -----输入用户名：
INFO 2020-10-29 10:19:51,164 -----输入密码：
INFO 2020-10-29 10:19:52,226 -----点击登录
INFO 2020-10-29 10:29:09,936 -----登录功能开始
INFO 2020-10-29 10:29:10,050 -----输入用户名：123
INFO 2020-10-29 10:29:10,154 -----输入密码：000
INFO 2020-10-29 10:29:11,280 -----点击登录
INFO 2020-10-29 10:29:20,926 -----登录功能开始
INFO 2020-10-29 10:29:21,162 -----输入用户名：admin
INFO 2020-10-29 10:29:21,296 -----输入密码：
INFO 2020-10-29 10:29:22,371 -----点击登录
INFO 2020-10-29 10:29:31,640 -----登录功能开始
INFO 2020-10-29 10:29:31,761 -----输入用户名：admin
INFO 2020-10-29 10:29:31,875 -----输入密码：123456
INFO 2020-10-29 10:29:33,314 -----点击登录
INFO 2020-10-29 10:29:43,354 -----登录功能开始
INFO 2020-10-29 10:29:43,493 -----输入用户名：
INFO 2020-10-29 10:29:43,636 -----输入密码：123456
INFO 2020-10-29 10:29:44,699 -----点击登录
INFO 2020-10-29 10:29:53,928 -----登录功能开始
INFO 2020-10-29 10:29:54,037 -----输入用户名：
INFO 2020-10-29 10:29:54,144 -----输入密码：
INFO 2020-10-29 10:29:55,203 -----点击登录
INFO 2020-10-29 10:39:09,977 -----登录功能开始
INFO 2020-10-29 10:39:10,084 -----输入用户名：123
INFO 2020-10-29 10:39:10,209 -----输入密码：000
INFO 2020-10-29 10:39:11,308 -----点击登录
INFO 2020-10-29 10:39:20,086 -----登录功能开始
INFO 2020-10-29 10:39:20,210 -----输入用户名：admin
INFO 2020-10-29 10:39:20,320 -----输入密码：
INFO 2020-10-29 10:39:21,378 -----点击登录
INFO 2020-10-29 10:39:30,207 -----登录功能开始
INFO 2020-10-29 10:39:30,375 -----输入用户名：admin
INFO 2020-10-29 10:39:30,525 -----输入密码：123456
INFO 2020-10-29 10:39:32,617 -----点击登录
INFO 2020-10-29 10:39:41,272 -----登录功能开始
INFO 2020-10-29 10:39:41,378 -----输入用户名：
INFO 2020-10-29 10:39:41,479 -----输入密码：123456
INFO 2020-10-29 10:39:42,538 -----点击登录
INFO 2020-10-29 10:39:51,908 -----登录功能开始
INFO 2020-10-29 10:39:52,014 -----输入用户名：
INFO 2020-10-29 10:39:52,117 -----输入密码：
INFO 2020-10-29 10:39:53,175 -----点击登录
INFO 2020-10-29 10:49:09,679 -----登录功能开始
INFO 2020-10-29 10:49:09,787 -----输入用户名：123
INFO 2020-10-29 10:49:09,890 -----输入密码：000
INFO 2020-10-29 10:49:11,038 -----点击登录
INFO 2020-10-29 10:49:20,246 -----登录功能开始
INFO 2020-10-29 10:49:20,360 -----输入用户名：admin
INFO 2020-10-29 10:49:20,463 -----输入密码：
INFO 2020-10-29 10:49:21,531 -----点击登录
INFO 2020-10-29 10:49:30,365 -----登录功能开始
INFO 2020-10-29 10:49:30,518 -----输入用户名：admin
INFO 2020-10-29 10:49:30,626 -----输入密码：123456
INFO 2020-10-29 10:49:32,443 -----点击登录
INFO 2020-10-29 10:49:41,059 -----登录功能开始
INFO 2020-10-29 10:49:41,161 -----输入用户名：
INFO 2020-10-29 10:49:41,270 -----输入密码：123456
INFO 2020-10-29 10:49:42,327 -----点击登录
INFO 2020-10-29 10:49:51,042 -----登录功能开始
INFO 2020-10-29 10:49:51,199 -----输入用户名：
INFO 2020-10-29 10:49:51,341 -----输入密码：
INFO 2020-10-29 10:49:52,400 -----点击登录
INFO 2020-10-29 10:57:49,189 -----登录功能开始
INFO 2020-10-29 10:57:49,292 -----输入用户名：123
INFO 2020-10-29 10:57:49,403 -----输入密码：000
INFO 2020-10-29 10:57:50,503 -----点击登录
INFO 2020-10-29 10:57:59,627 -----登录功能开始
INFO 2020-10-29 10:57:59,743 -----输入用户名：admin
INFO 2020-10-29 10:57:59,908 -----输入密码：
INFO 2020-10-29 10:58:00,976 -----点击登录
INFO 2020-10-29 10:58:09,724 -----登录功能开始
INFO 2020-10-29 10:58:09,829 -----输入用户名：admin
INFO 2020-10-29 10:58:09,925 -----输入密码：123456
INFO 2020-10-29 10:58:11,117 -----点击登录
INFO 2020-10-29 10:58:20,405 -----登录功能开始
INFO 2020-10-29 10:58:20,532 -----输入用户名：
INFO 2020-10-29 10:58:20,684 -----输入密码：123456
INFO 2020-10-29 10:58:21,746 -----点击登录
INFO 2020-10-29 10:58:30,468 -----登录功能开始
INFO 2020-10-29 10:58:30,630 -----输入用户名：
INFO 2020-10-29 10:58:30,755 -----输入密码：
INFO 2020-10-29 10:58:31,831 -----点击登录
INFO 2020-10-29 11:07:02,052 -----登录功能开始
INFO 2020-10-29 11:07:02,159 -----输入用户名：123
INFO 2020-10-29 11:07:02,264 -----输入密码：000
INFO 2020-10-29 11:07:03,385 -----点击登录
INFO 2020-10-29 11:07:12,055 -----登录功能开始
INFO 2020-10-29 11:07:12,163 -----输入用户名：admin
INFO 2020-10-29 11:07:12,260 -----输入密码：
INFO 2020-10-29 11:07:13,322 -----点击登录
INFO 2020-10-29 11:07:22,345 -----登录功能开始
INFO 2020-10-29 11:07:22,467 -----输入用户名：admin
INFO 2020-10-29 11:07:22,574 -----输入密码：123456
INFO 2020-10-29 11:07:23,922 -----点击登录
INFO 2020-10-29 11:07:32,846 -----登录功能开始
INFO 2020-10-29 11:07:32,970 -----输入用户名：
INFO 2020-10-29 11:07:33,081 -----输入密码：123456
INFO 2020-10-29 11:07:34,142 -----点击登录
INFO 2020-10-29 11:07:43,370 -----登录功能开始
INFO 2020-10-29 11:07:43,474 -----输入用户名：
INFO 2020-10-29 11:07:43,580 -----输入密码：
INFO 2020-10-29 11:07:44,636 -----点击登录
INFO 2020-10-29 11:08:56,838 -----登录功能开始
INFO 2020-10-29 11:08:56,949 -----输入用户名：123
INFO 2020-10-29 11:08:57,052 -----输入密码：000
INFO 2020-10-29 11:08:58,225 -----点击登录
INFO 2020-10-29 11:09:06,913 -----登录功能开始
INFO 2020-10-29 11:09:07,025 -----输入用户名：admin
INFO 2020-10-29 11:09:07,122 -----输入密码：
INFO 2020-10-29 11:09:08,179 -----点击登录
INFO 2020-10-29 11:09:17,391 -----登录功能开始
INFO 2020-10-29 11:09:17,497 -----输入用户名：admin
INFO 2020-10-29 11:09:17,596 -----输入密码：123456
INFO 2020-10-29 11:09:18,959 -----点击登录
INFO 2020-10-29 11:09:27,803 -----登录功能开始
INFO 2020-10-29 11:09:27,914 -----输入用户名：
INFO 2020-10-29 11:09:28,016 -----输入密码：123456
INFO 2020-10-29 11:09:29,072 -----点击登录
INFO 2020-10-29 11:09:37,801 -----登录功能开始
INFO 2020-10-29 11:09:37,945 -----输入用户名：
INFO 2020-10-29 11:09:38,048 -----输入密码：
INFO 2020-10-29 11:09:39,103 -----点击登录
INFO 2020-10-29 11:09:50,677 -----登录功能开始
INFO 2020-10-29 11:09:50,781 -----输入用户名：123
INFO 2020-10-29 11:09:50,888 -----输入密码：000
INFO 2020-10-29 11:09:51,986 -----点击登录
INFO 2020-10-29 11:10:00,613 -----登录功能开始
INFO 2020-10-29 11:10:00,795 -----输入用户名：admin
INFO 2020-10-29 11:10:00,899 -----输入密码：
INFO 2020-10-29 11:10:01,967 -----点击登录
INFO 2020-10-29 11:10:11,055 -----登录功能开始
INFO 2020-10-29 11:10:11,193 -----输入用户名：admin
INFO 2020-10-29 11:10:11,309 -----输入密码：123456
INFO 2020-10-29 11:10:12,569 -----点击登录
INFO 2020-10-29 11:10:21,998 -----登录功能开始
INFO 2020-10-29 11:10:22,121 -----输入用户名：
INFO 2020-10-29 11:10:22,313 -----输入密码：123456
INFO 2020-10-29 11:10:23,379 -----点击登录
INFO 2020-10-29 11:10:32,110 -----登录功能开始
INFO 2020-10-29 11:10:32,205 -----输入用户名：
INFO 2020-10-29 11:10:32,307 -----输入密码：
INFO 2020-10-29 11:10:33,362 -----点击登录
INFO 2020-10-29 11:11:46,266 -----登录功能开始
INFO 2020-10-29 11:11:46,367 -----输入用户名：123
INFO 2020-10-29 11:11:46,461 -----输入密码：000
INFO 2020-10-29 11:11:47,567 -----点击登录
INFO 2020-10-29 11:11:56,528 -----登录功能开始
INFO 2020-10-29 11:11:56,629 -----输入用户名：admin
INFO 2020-10-29 11:11:56,721 -----输入密码：
INFO 2020-10-29 11:11:57,779 -----点击登录
INFO 2020-10-29 11:12:06,301 -----登录功能开始
INFO 2020-10-29 11:12:06,403 -----输入用户名：admin
INFO 2020-10-29 11:12:06,507 -----输入密码：123456
INFO 2020-10-29 11:12:07,762 -----点击登录
INFO 2020-10-29 11:12:16,315 -----登录功能开始
INFO 2020-10-29 11:12:16,415 -----输入用户名：
INFO 2020-10-29 11:12:16,549 -----输入密码：123456
INFO 2020-10-29 11:12:17,610 -----点击登录
INFO 2020-10-29 11:12:26,178 -----登录功能开始
INFO 2020-10-29 11:12:26,275 -----输入用户名：
INFO 2020-10-29 11:12:26,368 -----输入密码：
INFO 2020-10-29 11:12:27,424 -----点击登录
INFO 2020-10-29 11:13:53,957 -----登录功能开始
INFO 2020-10-29 11:13:54,058 -----输入用户名：123
INFO 2020-10-29 11:13:54,160 -----输入密码：000
INFO 2020-10-29 11:13:55,285 -----点击登录
INFO 2020-10-29 11:14:04,170 -----登录功能开始
INFO 2020-10-29 11:14:04,288 -----输入用户名：admin
INFO 2020-10-29 11:14:04,384 -----输入密码：
INFO 2020-10-29 11:14:05,452 -----点击登录
INFO 2020-10-29 11:14:14,346 -----登录功能开始
INFO 2020-10-29 11:14:14,531 -----输入用户名：admin
INFO 2020-10-29 11:14:14,692 -----输入密码：123456
INFO 2020-10-29 11:14:16,212 -----点击登录
INFO 2020-10-29 11:14:25,342 -----登录功能开始
INFO 2020-10-29 11:14:25,438 -----输入用户名：
INFO 2020-10-29 11:14:25,538 -----输入密码：123456
INFO 2020-10-29 11:14:26,594 -----点击登录
INFO 2020-10-29 11:14:35,148 -----登录功能开始
INFO 2020-10-29 11:14:35,244 -----输入用户名：
INFO 2020-10-29 11:14:35,339 -----输入密码：
INFO 2020-10-29 11:14:36,394 -----点击登录
INFO 2020-10-29 11:15:58,982 -----登录功能开始
INFO 2020-10-29 11:15:59,105 -----输入用户名：123
INFO 2020-10-29 11:15:59,219 -----输入密码：000
INFO 2020-10-29 11:16:00,334 -----点击登录
INFO 2020-10-29 11:16:09,071 -----登录功能开始
INFO 2020-10-29 11:16:09,201 -----输入用户名：admin
INFO 2020-10-29 11:16:09,312 -----输入密码：
INFO 2020-10-29 11:16:10,369 -----点击登录
INFO 2020-10-29 11:16:19,095 -----登录功能开始
INFO 2020-10-29 11:16:19,227 -----输入用户名：admin
INFO 2020-10-29 11:16:19,374 -----输入密码：123456
INFO 2020-10-29 11:16:20,624 -----点击登录
INFO 2020-10-29 11:16:30,022 -----登录功能开始
INFO 2020-10-29 11:16:30,133 -----输入用户名：
INFO 2020-10-29 11:16:30,256 -----输入密码：123456
INFO 2020-10-29 11:16:31,340 -----点击登录
INFO 2020-10-29 11:16:39,945 -----登录功能开始
INFO 2020-10-29 11:16:40,044 -----输入用户名：
INFO 2020-10-29 11:16:40,157 -----输入密码：
INFO 2020-10-29 11:16:41,216 -----点击登录
INFO 2020-10-29 11:21:08,660 -----登录功能开始
INFO 2020-10-29 11:21:08,805 -----输入用户名：123
INFO 2020-10-29 11:21:08,920 -----输入密码：000
INFO 2020-10-29 11:21:10,016 -----点击登录
INFO 2020-10-29 11:21:18,637 -----登录功能开始
INFO 2020-10-29 11:21:18,791 -----输入用户名：admin
INFO 2020-10-29 11:21:18,908 -----输入密码：
INFO 2020-10-29 11:21:19,969 -----点击登录
INFO 2020-10-29 11:21:28,714 -----登录功能开始
INFO 2020-10-29 11:21:28,844 -----输入用户名：admin
INFO 2020-10-29 11:21:28,941 -----输入密码：123456
INFO 2020-10-29 11:21:30,144 -----点击登录
INFO 2020-10-29 11:21:38,822 -----登录功能开始
INFO 2020-10-29 11:21:38,917 -----输入用户名：
INFO 2020-10-29 11:21:39,015 -----输入密码：123456
INFO 2020-10-29 11:21:40,075 -----点击登录
INFO 2020-10-29 11:21:48,507 -----登录功能开始
INFO 2020-10-29 11:21:48,603 -----输入用户名：
INFO 2020-10-29 11:21:48,697 -----输入密码：
INFO 2020-10-29 11:21:49,754 -----点击登录
INFO 2020-10-29 11:23:06,178 -----登录功能开始
INFO 2020-10-29 11:23:06,281 -----输入用户名：123
INFO 2020-10-29 11:23:06,379 -----输入密码：000
INFO 2020-10-29 11:23:07,462 -----点击登录
INFO 2020-10-29 11:23:15,958 -----登录功能开始
INFO 2020-10-29 11:23:16,061 -----输入用户名：admin
INFO 2020-10-29 11:23:16,160 -----输入密码：
INFO 2020-10-29 11:23:17,219 -----点击登录
INFO 2020-10-29 11:23:26,208 -----登录功能开始
INFO 2020-10-29 11:23:26,320 -----输入用户名：admin
INFO 2020-10-29 11:23:26,420 -----输入密码：123456
INFO 2020-10-29 11:23:27,665 -----点击登录
INFO 2020-10-29 11:23:36,270 -----登录功能开始
INFO 2020-10-29 11:23:36,367 -----输入用户名：
INFO 2020-10-29 11:23:36,480 -----输入密码：123456
INFO 2020-10-29 11:23:37,536 -----点击登录
INFO 2020-10-29 11:23:45,985 -----登录功能开始
INFO 2020-10-29 11:23:46,080 -----输入用户名：
INFO 2020-10-29 11:23:46,176 -----输入密码：
INFO 2020-10-29 11:23:47,230 -----点击登录
INFO 2020-10-29 11:24:22,268 -----登录功能开始
INFO 2020-10-29 11:24:22,387 -----输入用户名：123
INFO 2020-10-29 11:24:22,570 -----输入密码：000
INFO 2020-10-29 11:24:23,670 -----点击登录
INFO 2020-10-29 11:24:32,581 -----登录功能开始
INFO 2020-10-29 11:24:32,689 -----输入用户名：admin
INFO 2020-10-29 11:24:32,793 -----输入密码：
INFO 2020-10-29 11:24:33,853 -----点击登录
INFO 2020-10-29 11:24:42,764 -----登录功能开始
INFO 2020-10-29 11:24:42,889 -----输入用户名：admin
INFO 2020-10-29 11:24:42,990 -----输入密码：123456
INFO 2020-10-29 11:24:44,198 -----点击登录
INFO 2020-10-29 11:24:52,941 -----登录功能开始
INFO 2020-10-29 11:24:53,037 -----输入用户名：
INFO 2020-10-29 11:24:53,137 -----输入密码：123456
INFO 2020-10-29 11:24:54,197 -----点击登录
INFO 2020-10-29 11:25:02,870 -----登录功能开始
INFO 2020-10-29 11:25:02,977 -----输入用户名：
INFO 2020-10-29 11:25:03,068 -----输入密码：
INFO 2020-10-29 11:25:04,139 -----点击登录
INFO 2020-10-29 11:26:53,709 -----登录功能开始
INFO 2020-10-29 11:26:53,864 -----输入用户名：123
INFO 2020-10-29 11:26:54,008 -----输入密码：000
INFO 2020-10-29 11:26:55,236 -----点击登录
INFO 2020-10-29 11:27:04,208 -----登录功能开始
INFO 2020-10-29 11:27:04,479 -----输入用户名：admin
INFO 2020-10-29 11:27:04,619 -----输入密码：
INFO 2020-10-29 11:27:05,692 -----点击登录
INFO 2020-10-29 11:27:14,672 -----登录功能开始
INFO 2020-10-29 11:27:14,812 -----输入用户名：admin
INFO 2020-10-29 11:27:14,985 -----输入密码：123456
INFO 2020-10-29 11:27:16,324 -----点击登录
INFO 2020-10-29 11:27:25,950 -----登录功能开始
INFO 2020-10-29 11:27:26,098 -----输入用户名：
INFO 2020-10-29 11:27:26,290 -----输入密码：123456
INFO 2020-10-29 11:27:27,359 -----点击登录
INFO 2020-10-29 11:27:36,631 -----登录功能开始
INFO 2020-10-29 11:27:36,797 -----输入用户名：
INFO 2020-10-29 11:27:36,992 -----输入密码：
INFO 2020-10-29 11:27:38,064 -----点击登录
INFO 2020-10-29 11:28:54,405 -----登录功能开始
INFO 2020-10-29 11:28:54,610 -----输入用户名：123
INFO 2020-10-29 11:28:54,778 -----输入密码：000
INFO 2020-10-29 11:28:55,976 -----点击登录
INFO 2020-10-29 11:29:06,861 -----登录功能开始
INFO 2020-10-29 11:29:07,086 -----输入用户名：admin
INFO 2020-10-29 11:29:07,232 -----输入密码：
INFO 2020-10-29 11:29:08,307 -----点击登录
INFO 2020-10-29 11:29:17,963 -----登录功能开始
INFO 2020-10-29 11:29:18,183 -----输入用户名：admin
INFO 2020-10-29 11:29:18,366 -----输入密码：123456
INFO 2020-10-29 11:29:20,606 -----点击登录
INFO 2020-10-29 11:29:30,787 -----登录功能开始
INFO 2020-10-29 11:29:30,962 -----输入用户名：
INFO 2020-10-29 11:29:31,171 -----输入密码：123456
INFO 2020-10-29 11:29:32,251 -----点击登录
INFO 2020-10-29 11:29:42,123 -----登录功能开始
INFO 2020-10-29 11:29:42,291 -----输入用户名：
INFO 2020-10-29 11:29:42,453 -----输入密码：
INFO 2020-10-29 11:29:43,540 -----点击登录
INFO 2020-10-29 11:34:01,895 -----登录功能开始
INFO 2020-10-29 11:34:02,173 -----输入用户名：123
INFO 2020-10-29 11:34:02,347 -----输入密码：000
INFO 2020-10-29 11:34:03,586 -----点击登录
INFO 2020-10-29 11:34:13,938 -----登录功能开始
INFO 2020-10-29 11:34:14,186 -----输入用户名：admin
INFO 2020-10-29 11:34:14,433 -----输入密码：
INFO 2020-10-29 11:34:15,507 -----点击登录
INFO 2020-10-29 11:34:25,269 -----登录功能开始
INFO 2020-10-29 11:34:25,523 -----输入用户名：admin
INFO 2020-10-29 11:34:25,707 -----输入密码：123456
INFO 2020-10-29 11:34:27,741 -----点击登录
INFO 2020-10-29 11:34:38,110 -----登录功能开始
INFO 2020-10-29 11:34:38,257 -----输入用户名：
INFO 2020-10-29 11:34:38,492 -----输入密码：123456
INFO 2020-10-29 11:34:39,563 -----点击登录
INFO 2020-10-29 11:34:49,367 -----登录功能开始
INFO 2020-10-29 11:34:49,524 -----输入用户名：
INFO 2020-10-29 11:34:49,691 -----输入密码：
INFO 2020-10-29 11:34:50,772 -----点击登录
INFO 2020-10-29 11:43:32,644 -----登录功能开始
INFO 2020-10-29 11:43:32,823 -----输入用户名：123
INFO 2020-10-29 11:43:32,956 -----输入密码：000
INFO 2020-10-29 11:43:34,158 -----点击登录
INFO 2020-10-29 11:43:44,287 -----登录功能开始
INFO 2020-10-29 11:43:44,519 -----输入用户名：admin
INFO 2020-10-29 11:43:44,625 -----输入密码：
INFO 2020-10-29 11:43:45,687 -----点击登录
INFO 2020-10-29 11:43:55,858 -----登录功能开始
INFO 2020-10-29 11:43:56,026 -----输入用户名：admin
INFO 2020-10-29 11:43:56,164 -----输入密码：123456
INFO 2020-10-29 11:43:58,354 -----点击登录
INFO 2020-10-29 11:44:10,981 -----登录功能开始
INFO 2020-10-29 11:44:11,159 -----输入用户名：
INFO 2020-10-29 11:44:11,309 -----输入密码：123456
INFO 2020-10-29 11:44:12,376 -----点击登录
INFO 2020-10-29 11:44:21,972 -----登录功能开始
INFO 2020-10-29 11:44:22,152 -----输入用户名：
INFO 2020-10-29 11:44:22,265 -----输入密码：
INFO 2020-10-29 11:44:23,356 -----点击登录
INFO 2020-10-29 15:22:22,415 -----登录功能开始
INFO 2020-10-29 15:22:22,596 -----输入用户名：123
INFO 2020-10-29 15:22:22,799 -----输入密码：000
INFO 2020-10-29 15:22:24,017 -----点击登录
INFO 2020-10-29 15:22:34,514 -----登录功能开始
INFO 2020-10-29 15:22:34,671 -----输入用户名：admin
INFO 2020-10-29 15:22:34,800 -----输入密码：
INFO 2020-10-29 15:22:35,878 -----点击登录
INFO 2020-10-29 15:22:45,722 -----登录功能开始
INFO 2020-10-29 15:22:45,888 -----输入用户名：admin
INFO 2020-10-29 15:22:46,027 -----输入密码：123456
INFO 2020-10-29 15:22:48,145 -----点击登录
INFO 2020-10-29 15:22:57,613 -----登录功能开始
INFO 2020-10-29 15:22:57,804 -----输入用户名：
INFO 2020-10-29 15:22:58,024 -----输入密码：123456
INFO 2020-10-29 15:22:59,118 -----点击登录
INFO 2020-10-29 15:23:08,626 -----登录功能开始
INFO 2020-10-29 15:23:08,764 -----输入用户名：
INFO 2020-10-29 15:23:08,913 -----输入密码：
INFO 2020-10-29 15:23:09,986 -----点击登录
