INFO 2020-10-28 16:01:28,311 -----登录功能开始
INFO 2020-10-28 16:01:28,432 -----输入用户名：123
INFO 2020-10-28 16:01:28,552 -----输入密码：000
INFO 2020-10-28 16:01:29,704 -----点击登录
INFO 2020-10-28 16:01:39,277 -----登录功能开始
INFO 2020-10-28 16:01:39,444 -----输入用户名：admin
INFO 2020-10-28 16:01:39,548 -----输入密码：
INFO 2020-10-28 16:01:40,614 -----点击登录
INFO 2020-10-28 16:01:51,517 -----登录功能开始
INFO 2020-10-28 16:01:51,660 -----输入用户名：admin
INFO 2020-10-28 16:01:51,792 -----输入密码：123456
INFO 2020-10-28 16:01:53,884 -----点击登录
INFO 2020-10-28 16:02:03,883 -----登录功能开始
INFO 2020-10-28 16:02:03,996 -----输入用户名：
INFO 2020-10-28 16:02:04,128 -----输入密码：123456
INFO 2020-10-28 16:02:05,191 -----点击登录
INFO 2020-10-28 16:02:14,498 -----登录功能开始
INFO 2020-10-28 16:02:14,613 -----输入用户名：
INFO 2020-10-28 16:02:14,732 -----输入密码：
INFO 2020-10-28 16:02:15,792 -----点击登录
INFO 2020-10-28 16:05:21,638 -----登录功能开始
INFO 2020-10-28 16:05:21,756 -----输入用户名：123
INFO 2020-10-28 16:05:21,868 -----输入密码：000
INFO 2020-10-28 16:05:23,072 -----点击登录
INFO 2020-10-28 16:05:32,086 -----登录功能开始
INFO 2020-10-28 16:05:32,231 -----输入用户名：admin
INFO 2020-10-28 16:05:32,333 -----输入密码：
INFO 2020-10-28 16:05:33,390 -----点击登录
INFO 2020-10-28 16:05:42,599 -----登录功能开始
INFO 2020-10-28 16:05:42,707 -----输入用户名：admin
INFO 2020-10-28 16:05:42,814 -----输入密码：123456
INFO 2020-10-28 16:05:44,692 -----点击登录
INFO 2020-10-28 16:05:54,737 -----登录功能开始
INFO 2020-10-28 16:05:54,862 -----输入用户名：
INFO 2020-10-28 16:05:54,974 -----输入密码：123456
INFO 2020-10-28 16:05:56,036 -----点击登录
INFO 2020-10-28 16:06:06,133 -----登录功能开始
INFO 2020-10-28 16:06:06,245 -----输入用户名：
INFO 2020-10-28 16:06:06,361 -----输入密码：
INFO 2020-10-28 16:06:07,427 -----点击登录
INFO 2020-10-28 16:08:05,684 -----登录功能开始
INFO 2020-10-28 16:08:05,805 -----输入用户名：123
INFO 2020-10-28 16:08:05,954 -----输入密码：000
INFO 2020-10-28 16:08:07,078 -----点击登录
INFO 2020-10-28 16:08:16,114 -----登录功能开始
INFO 2020-10-28 16:08:16,247 -----输入用户名：admin
INFO 2020-10-28 16:08:16,373 -----输入密码：
INFO 2020-10-28 16:08:17,433 -----点击登录
INFO 2020-10-28 16:08:26,581 -----登录功能开始
INFO 2020-10-28 16:08:26,711 -----输入用户名：admin
INFO 2020-10-28 16:08:26,847 -----输入密码：123456
INFO 2020-10-28 16:08:28,380 -----点击登录
INFO 2020-10-28 16:08:37,390 -----登录功能开始
INFO 2020-10-28 16:08:37,497 -----输入用户名：
INFO 2020-10-28 16:08:37,608 -----输入密码：123456
INFO 2020-10-28 16:08:38,669 -----点击登录
INFO 2020-10-28 16:08:47,693 -----登录功能开始
INFO 2020-10-28 16:08:47,959 -----输入用户名：
INFO 2020-10-28 16:08:48,098 -----输入密码：
INFO 2020-10-28 16:08:49,163 -----点击登录
INFO 2020-10-28 16:10:22,286 -----登录功能开始
INFO 2020-10-28 16:10:23,166 -----输入用户名：123
INFO 2020-10-28 16:10:23,514 -----输入密码：000
INFO 2020-10-28 16:10:24,722 -----点击登录
INFO 2020-10-28 16:10:33,491 -----登录功能开始
INFO 2020-10-28 16:10:33,651 -----输入用户名：admin
INFO 2020-10-28 16:10:33,759 -----输入密码：
INFO 2020-10-28 16:10:34,831 -----点击登录
INFO 2020-10-28 16:10:43,660 -----登录功能开始
INFO 2020-10-28 16:10:43,798 -----输入用户名：admin
INFO 2020-10-28 16:10:43,949 -----输入密码：123456
INFO 2020-10-28 16:10:45,289 -----点击登录
INFO 2020-10-28 16:10:54,705 -----登录功能开始
INFO 2020-10-28 16:10:54,816 -----输入用户名：
INFO 2020-10-28 16:10:54,941 -----输入密码：123456
INFO 2020-10-28 16:10:56,058 -----点击登录
INFO 2020-10-28 16:11:05,452 -----登录功能开始
INFO 2020-10-28 16:11:05,547 -----输入用户名：
INFO 2020-10-28 16:11:05,638 -----输入密码：
INFO 2020-10-28 16:11:06,694 -----点击登录
INFO 2020-10-28 16:14:55,704 -----登录功能开始
INFO 2020-10-28 16:14:55,893 -----输入用户名：admin
INFO 2020-10-28 16:14:56,060 -----输入密码：123456
INFO 2020-10-28 16:15:02,973 -----点击登录
INFO 2020-10-28 16:15:02,980 change frame
INFO 2020-10-28 16:15:03,096 click button:客户信息
INFO 2020-10-28 16:15:03,417 -----登录功能开始
INFO 2020-10-28 16:15:03,531 -----输入用户名：123
INFO 2020-10-28 16:15:03,636 -----输入密码：000
INFO 2020-10-28 16:15:04,205 select_customer_message finish
INFO 2020-10-28 16:15:04,206 change frame
INFO 2020-10-28 16:15:05,320 -----点击登录
INFO 2020-10-28 16:15:07,300 click element
INFO 2020-10-28 16:15:11,064 input customer_name:李然
INFO 2020-10-28 16:15:11,232 input customer_email:123456@qq.com
INFO 2020-10-28 16:15:11,353 change readOnly
INFO 2020-10-28 16:15:11,363 input custome_birthday:2020-10-15  18:36:09
INFO 2020-10-28 16:15:11,489 input option_manager:admin
INFO 2020-10-28 16:15:11,617 click element
INFO 2020-10-28 16:15:13,323 create_customer finish
INFO 2020-10-28 16:15:13,337 change frame
INFO 2020-10-28 16:15:13,667 click button:客户分配
INFO 2020-10-28 16:15:14,764 select_customer_distribution finish
INFO 2020-10-28 16:15:14,765 change frame
INFO 2020-10-28 16:15:17,856 获得记录条数
INFO 2020-10-28 16:15:18,047 解析获得记录条数：14
INFO 2020-10-28 16:15:18,114 获得页面数据内容：李然
INFO 2020-10-28 16:15:18,232 从数据库中删除新增的记录：李然
INFO 2020-10-28 16:15:22,174 -----登录功能开始
INFO 2020-10-28 16:15:22,411 -----输入用户名：admin
INFO 2020-10-28 16:15:22,562 -----输入密码：
INFO 2020-10-28 16:15:23,645 -----点击登录
INFO 2020-10-28 16:15:32,528 -----登录功能开始
INFO 2020-10-28 16:15:32,705 -----输入用户名：admin
INFO 2020-10-28 16:15:32,899 -----输入密码：123456
INFO 2020-10-28 16:15:34,560 -----点击登录
INFO 2020-10-28 16:15:43,423 -----登录功能开始
INFO 2020-10-28 16:15:43,527 -----输入用户名：
INFO 2020-10-28 16:15:43,647 -----输入密码：123456
INFO 2020-10-28 16:15:44,708 -----点击登录
INFO 2020-10-28 16:15:53,339 -----登录功能开始
INFO 2020-10-28 16:15:53,499 -----输入用户名：
INFO 2020-10-28 16:15:53,609 -----输入密码：
INFO 2020-10-28 16:15:54,677 -----点击登录
INFO 2020-10-28 16:19:08,970 -----登录功能开始
INFO 2020-10-28 16:19:09,192 -----输入用户名：123
INFO 2020-10-28 16:19:09,510 -----输入密码：000
INFO 2020-10-28 16:19:10,685 -----点击登录
INFO 2020-10-28 16:19:20,494 -----登录功能开始
INFO 2020-10-28 16:19:20,767 -----输入用户名：admin
INFO 2020-10-28 16:19:21,039 -----输入密码：
INFO 2020-10-28 16:19:22,172 -----点击登录
INFO 2020-10-28 16:19:34,183 -----登录功能开始
INFO 2020-10-28 16:19:34,301 -----输入用户名：admin
INFO 2020-10-28 16:19:34,415 -----输入密码：123456
INFO 2020-10-28 16:19:36,095 -----点击登录
INFO 2020-10-28 16:19:45,010 -----登录功能开始
INFO 2020-10-28 16:19:45,166 -----输入用户名：
INFO 2020-10-28 16:19:45,318 -----输入密码：123456
INFO 2020-10-28 16:19:46,380 -----点击登录
INFO 2020-10-28 16:19:55,511 -----登录功能开始
INFO 2020-10-28 16:19:55,634 -----输入用户名：
INFO 2020-10-28 16:19:55,775 -----输入密码：
INFO 2020-10-28 16:19:56,843 -----点击登录
INFO 2020-10-28 16:21:50,871 -----登录功能开始
INFO 2020-10-28 16:21:51,010 -----输入用户名：123
INFO 2020-10-28 16:21:51,237 -----输入密码：000
INFO 2020-10-28 16:21:52,371 -----点击登录
INFO 2020-10-28 16:22:01,480 -----登录功能开始
INFO 2020-10-28 16:22:01,648 -----输入用户名：admin
INFO 2020-10-28 16:22:01,784 -----输入密码：
INFO 2020-10-28 16:22:02,848 -----点击登录
INFO 2020-10-28 16:22:11,982 -----登录功能开始
INFO 2020-10-28 16:22:12,118 -----输入用户名：admin
INFO 2020-10-28 16:22:12,247 -----输入密码：123456
INFO 2020-10-28 16:22:13,641 -----点击登录
INFO 2020-10-28 16:22:22,479 -----登录功能开始
INFO 2020-10-28 16:22:22,580 -----输入用户名：
INFO 2020-10-28 16:22:22,713 -----输入密码：123456
INFO 2020-10-28 16:22:23,775 -----点击登录
INFO 2020-10-28 16:22:32,448 -----登录功能开始
INFO 2020-10-28 16:22:32,603 -----输入用户名：
INFO 2020-10-28 16:22:32,745 -----输入密码：
INFO 2020-10-28 16:22:33,809 -----点击登录
INFO 2020-10-28 16:22:43,594 -----登录功能开始
INFO 2020-10-28 16:22:43,758 -----输入用户名：admin
INFO 2020-10-28 16:22:43,931 -----输入密码：123456
INFO 2020-10-28 16:22:45,798 -----点击登录
INFO 2020-10-28 16:22:45,808 change frame
INFO 2020-10-28 16:22:45,848 click button:客户信息
INFO 2020-10-28 16:22:46,959 select_customer_message finish
INFO 2020-10-28 16:22:46,960 change frame
INFO 2020-10-28 16:22:50,051 click element
INFO 2020-10-28 16:22:51,295 input customer_name:李然
INFO 2020-10-28 16:22:51,421 input customer_email:123456@qq.com
INFO 2020-10-28 16:22:51,572 change readOnly
INFO 2020-10-28 16:22:51,582 input custome_birthday:2020-10-15  18:36:09
INFO 2020-10-28 16:22:51,752 input option_manager:admin
INFO 2020-10-28 16:22:51,887 click element
INFO 2020-10-28 16:22:53,045 create_customer finish
INFO 2020-10-28 16:22:53,059 change frame
INFO 2020-10-28 16:22:53,238 click button:客户分配
INFO 2020-10-28 16:22:54,324 select_customer_distribution finish
INFO 2020-10-28 16:22:54,325 change frame
INFO 2020-10-28 16:22:57,405 获得记录条数
INFO 2020-10-28 16:22:57,434 解析获得记录条数：14
INFO 2020-10-28 16:22:57,460 获得页面数据内容：李然
INFO 2020-10-28 16:22:57,487 从数据库中删除新增的记录：李然
INFO 2020-10-28 16:23:07,887 -----登录功能开始
INFO 2020-10-28 16:23:08,036 -----输入用户名：admin
INFO 2020-10-28 16:23:08,200 -----输入密码：123456
INFO 2020-10-28 16:23:09,736 -----点击登录
INFO 2020-10-28 16:23:09,742 change frame
INFO 2020-10-28 16:23:09,780 click button:客户信息
INFO 2020-10-28 16:23:10,887 select_customer_message finish
INFO 2020-10-28 16:23:10,889 change frame
INFO 2020-10-28 16:23:13,959 click update
INFO 2020-10-28 16:23:29,833 -----登录功能开始
INFO 2020-10-28 16:23:29,969 -----输入用户名：123
INFO 2020-10-28 16:23:30,098 -----输入密码：000
INFO 2020-10-28 16:23:31,222 -----点击登录
INFO 2020-10-28 16:23:39,933 -----登录功能开始
INFO 2020-10-28 16:23:40,075 -----输入用户名：admin
INFO 2020-10-28 16:23:40,184 -----输入密码：
INFO 2020-10-28 16:23:41,244 -----点击登录
INFO 2020-10-28 16:23:50,202 -----登录功能开始
INFO 2020-10-28 16:23:50,397 -----输入用户名：admin
INFO 2020-10-28 16:23:50,561 -----输入密码：123456
INFO 2020-10-28 16:23:51,986 -----点击登录
INFO 2020-10-28 16:24:02,245 -----登录功能开始
INFO 2020-10-28 16:24:02,345 -----输入用户名：
INFO 2020-10-28 16:24:02,479 -----输入密码：123456
INFO 2020-10-28 16:24:03,542 -----点击登录
INFO 2020-10-28 16:24:12,418 -----登录功能开始
INFO 2020-10-28 16:24:12,529 -----输入用户名：
INFO 2020-10-28 16:24:12,659 -----输入密码：
INFO 2020-10-28 16:24:13,719 -----点击登录
INFO 2020-10-28 16:24:24,846 -----登录功能开始
INFO 2020-10-28 16:24:24,973 -----输入用户名：admin
INFO 2020-10-28 16:24:25,099 -----输入密码：123456
INFO 2020-10-28 16:24:28,083 -----点击登录
INFO 2020-10-28 16:24:28,092 change frame
INFO 2020-10-28 16:24:28,132 click button:客户信息
INFO 2020-10-28 16:24:29,227 select_customer_message finish
INFO 2020-10-28 16:24:29,228 change frame
INFO 2020-10-28 16:24:32,296 click element
INFO 2020-10-28 16:24:33,719 input customer_name:李然
INFO 2020-10-28 16:24:33,841 input customer_email:123456@qq.com
INFO 2020-10-28 16:24:33,950 change readOnly
INFO 2020-10-28 16:24:33,959 input custome_birthday:2020-10-15  18:36:09
INFO 2020-10-28 16:24:34,102 input option_manager:admin
INFO 2020-10-28 16:24:34,217 click element
INFO 2020-10-28 16:24:35,400 create_customer finish
INFO 2020-10-28 16:24:35,415 change frame
INFO 2020-10-28 16:24:35,562 click button:客户分配
INFO 2020-10-28 16:24:36,645 select_customer_distribution finish
INFO 2020-10-28 16:24:36,646 change frame
INFO 2020-10-28 16:24:39,710 获得记录条数
INFO 2020-10-28 16:24:39,743 解析获得记录条数：14
INFO 2020-10-28 16:24:39,776 获得页面数据内容：李然
INFO 2020-10-28 16:24:39,798 从数据库中删除新增的记录：李然
INFO 2020-10-28 16:24:51,044 -----登录功能开始
INFO 2020-10-28 16:24:51,174 -----输入用户名：admin
INFO 2020-10-28 16:24:51,276 -----输入密码：123456
INFO 2020-10-28 16:24:52,781 -----点击登录
INFO 2020-10-28 16:24:52,788 change frame
INFO 2020-10-28 16:24:52,835 click button:客户信息
INFO 2020-10-28 16:24:53,957 select_customer_message finish
INFO 2020-10-28 16:24:53,959 change frame
INFO 2020-10-28 16:24:57,177 click update
INFO 2020-10-28 16:28:28,416 -----登录功能开始
INFO 2020-10-28 16:28:28,551 -----输入用户名：123
INFO 2020-10-28 16:28:28,683 -----输入密码：000
INFO 2020-10-28 16:28:29,854 -----点击登录
INFO 2020-10-28 16:28:38,866 -----登录功能开始
INFO 2020-10-28 16:28:39,010 -----输入用户名：admin
INFO 2020-10-28 16:28:39,133 -----输入密码：
INFO 2020-10-28 16:28:40,193 -----点击登录
INFO 2020-10-28 16:28:49,106 -----登录功能开始
INFO 2020-10-28 16:28:49,241 -----输入用户名：admin
INFO 2020-10-28 16:28:49,378 -----输入密码：123456
INFO 2020-10-28 16:28:50,785 -----点击登录
INFO 2020-10-28 16:28:59,761 -----登录功能开始
INFO 2020-10-28 16:28:59,875 -----输入用户名：
INFO 2020-10-28 16:29:00,008 -----输入密码：123456
INFO 2020-10-28 16:29:01,073 -----点击登录
INFO 2020-10-28 16:29:09,712 -----登录功能开始
INFO 2020-10-28 16:29:09,825 -----输入用户名：
INFO 2020-10-28 16:29:09,927 -----输入密码：
INFO 2020-10-28 16:29:10,986 -----点击登录
INFO 2020-10-28 16:29:21,174 -----登录功能开始
INFO 2020-10-28 16:29:21,299 -----输入用户名：admin
INFO 2020-10-28 16:29:21,448 -----输入密码：123456
INFO 2020-10-28 16:29:23,165 -----点击登录
INFO 2020-10-28 16:29:23,172 change frame
INFO 2020-10-28 16:29:23,216 click button:客户信息
INFO 2020-10-28 16:29:24,318 select_customer_message finish
INFO 2020-10-28 16:29:24,320 change frame
INFO 2020-10-28 16:29:27,412 click element
INFO 2020-10-28 16:29:28,944 input customer_name:李然
INFO 2020-10-28 16:29:29,074 input customer_email:123456@qq.com
INFO 2020-10-28 16:29:29,219 change readOnly
INFO 2020-10-28 16:29:29,231 input custome_birthday:2020-10-15  18:36:09
INFO 2020-10-28 16:29:29,416 input option_manager:admin
INFO 2020-10-28 16:29:29,540 click element
INFO 2020-10-28 16:29:30,698 create_customer finish
INFO 2020-10-28 16:29:30,711 change frame
INFO 2020-10-28 16:29:30,845 click button:客户分配
INFO 2020-10-28 16:29:31,959 select_customer_distribution finish
INFO 2020-10-28 16:29:31,960 change frame
INFO 2020-10-28 16:29:35,035 获得记录条数
INFO 2020-10-28 16:29:35,064 解析获得记录条数：14
INFO 2020-10-28 16:29:35,091 获得页面数据内容：李然
INFO 2020-10-28 16:29:35,111 从数据库中删除新增的记录：李然
INFO 2020-10-28 16:29:45,063 -----登录功能开始
INFO 2020-10-28 16:29:45,210 -----输入用户名：admin
INFO 2020-10-28 16:29:45,350 -----输入密码：123456
INFO 2020-10-28 16:29:46,681 -----点击登录
INFO 2020-10-28 16:29:46,689 change frame
INFO 2020-10-28 16:29:46,754 click button:客户信息
INFO 2020-10-28 16:29:47,864 select_customer_message finish
INFO 2020-10-28 16:29:47,865 change frame
INFO 2020-10-28 16:29:50,920 click update
INFO 2020-10-28 16:30:18,142 -----登录功能开始
INFO 2020-10-28 16:30:21,184 -----输入用户名：123
INFO 2020-10-28 16:30:24,217 -----输入密码：000
INFO 2020-10-28 16:30:27,247 -----点击登录
INFO 2020-10-28 16:30:40,419 -----登录功能开始
INFO 2020-10-28 16:30:43,434 -----输入用户名：admin
INFO 2020-10-28 16:30:46,470 -----输入密码：
INFO 2020-10-28 16:30:49,509 -----点击登录
INFO 2020-10-28 16:31:51,226 -----登录功能开始
INFO 2020-10-28 16:31:51,405 -----输入用户名：admin
INFO 2020-10-28 16:31:51,526 -----输入密码：123456
INFO 2020-10-28 16:31:53,792 -----点击登录
INFO 2020-10-28 16:32:02,524 -----登录功能开始
INFO 2020-10-28 16:32:02,650 -----输入用户名：
INFO 2020-10-28 16:32:02,782 -----输入密码：123456
INFO 2020-10-28 16:32:03,843 -----点击登录
INFO 2020-10-28 16:32:12,591 -----登录功能开始
INFO 2020-10-28 16:32:12,703 -----输入用户名：
INFO 2020-10-28 16:32:12,805 -----输入密码：
INFO 2020-10-28 16:32:13,868 -----点击登录
INFO 2020-10-28 16:32:23,740 -----登录功能开始
INFO 2020-10-28 16:32:23,891 -----输入用户名：admin
INFO 2020-10-28 16:32:24,035 -----输入密码：123456
INFO 2020-10-28 16:32:25,667 -----点击登录
INFO 2020-10-28 16:32:25,675 change frame
INFO 2020-10-28 16:32:25,724 click button:客户信息
INFO 2020-10-28 16:32:26,833 select_customer_message finish
INFO 2020-10-28 16:32:26,834 change frame
INFO 2020-10-28 16:32:29,908 click element
INFO 2020-10-28 16:32:31,207 input customer_name:李然
INFO 2020-10-28 16:32:31,317 input customer_email:123456@qq.com
INFO 2020-10-28 16:32:31,464 change readOnly
INFO 2020-10-28 16:32:31,498 input custome_birthday:2020-10-15  18:36:09
INFO 2020-10-28 16:32:31,659 input option_manager:admin
INFO 2020-10-28 16:32:31,777 click element
INFO 2020-10-28 16:32:32,972 create_customer finish
INFO 2020-10-28 16:32:32,983 change frame
INFO 2020-10-28 16:32:33,096 click button:客户分配
INFO 2020-10-28 16:32:34,179 select_customer_distribution finish
INFO 2020-10-28 16:32:34,180 change frame
INFO 2020-10-28 16:32:37,228 获得记录条数
INFO 2020-10-28 16:32:37,263 解析获得记录条数：14
INFO 2020-10-28 16:32:37,290 获得页面数据内容：李然
INFO 2020-10-28 16:32:37,311 从数据库中删除新增的记录：李然
INFO 2020-10-28 16:32:47,788 -----登录功能开始
INFO 2020-10-28 16:32:47,920 -----输入用户名：admin
INFO 2020-10-28 16:32:48,071 -----输入密码：123456
INFO 2020-10-28 16:32:49,419 -----点击登录
INFO 2020-10-28 16:32:49,425 change frame
INFO 2020-10-28 16:32:49,463 click button:客户信息
INFO 2020-10-28 16:32:50,561 select_customer_message finish
INFO 2020-10-28 16:32:50,562 change frame
INFO 2020-10-28 16:32:53,674 click update
INFO 2020-10-28 16:39:07,902 -----登录功能开始
INFO 2020-10-28 16:39:08,047 -----输入用户名：123
INFO 2020-10-28 16:39:08,172 -----输入密码：000
INFO 2020-10-28 16:39:09,294 -----点击登录
INFO 2020-10-28 16:39:18,845 -----登录功能开始
INFO 2020-10-28 16:39:19,009 -----输入用户名：admin
INFO 2020-10-28 16:39:19,117 -----输入密码：
INFO 2020-10-28 16:39:20,184 -----点击登录
INFO 2020-10-28 16:39:28,836 -----登录功能开始
INFO 2020-10-28 16:39:28,984 -----输入用户名：admin
INFO 2020-10-28 16:39:29,111 -----输入密码：123456
INFO 2020-10-28 16:39:30,573 -----点击登录
INFO 2020-10-28 16:39:39,297 -----登录功能开始
INFO 2020-10-28 16:39:39,423 -----输入用户名：
INFO 2020-10-28 16:39:39,556 -----输入密码：123456
INFO 2020-10-28 16:39:40,619 -----点击登录
INFO 2020-10-28 16:39:49,285 -----登录功能开始
INFO 2020-10-28 16:39:49,390 -----输入用户名：
INFO 2020-10-28 16:39:49,489 -----输入密码：
INFO 2020-10-28 16:39:50,548 -----点击登录
INFO 2020-10-28 16:40:00,151 -----登录功能开始
INFO 2020-10-28 16:40:00,315 -----输入用户名：admin
INFO 2020-10-28 16:40:00,454 -----输入密码：123456
INFO 2020-10-28 16:40:02,043 -----点击登录
INFO 2020-10-28 16:40:02,050 change frame
INFO 2020-10-28 16:40:02,088 click button:客户信息
INFO 2020-10-28 16:40:03,196 select_customer_message finish
INFO 2020-10-28 16:40:03,197 change frame
INFO 2020-10-28 16:40:06,268 click element
INFO 2020-10-28 16:40:07,844 input customer_name:李然
INFO 2020-10-28 16:40:07,984 input customer_email:123456@qq.com
INFO 2020-10-28 16:40:08,119 change readOnly
INFO 2020-10-28 16:40:08,129 input custome_birthday:2020-10-15  18:36:09
INFO 2020-10-28 16:40:08,291 input option_manager:admin
INFO 2020-10-28 16:40:08,467 click element
INFO 2020-10-28 16:40:09,618 create_customer finish
INFO 2020-10-28 16:40:09,630 change frame
INFO 2020-10-28 16:40:09,770 click button:客户分配
INFO 2020-10-28 16:40:10,862 select_customer_distribution finish
INFO 2020-10-28 16:40:10,863 change frame
INFO 2020-10-28 16:40:13,946 获得记录条数
INFO 2020-10-28 16:40:13,974 解析获得记录条数：14
INFO 2020-10-28 16:40:14,003 获得页面数据内容：李然
INFO 2020-10-28 16:40:14,027 从数据库中删除新增的记录：李然
INFO 2020-10-28 16:40:24,111 -----登录功能开始
INFO 2020-10-28 16:40:24,241 -----输入用户名：admin
INFO 2020-10-28 16:40:24,371 -----输入密码：123456
INFO 2020-10-28 16:40:26,218 -----点击登录
INFO 2020-10-28 16:40:26,230 change frame
INFO 2020-10-28 16:40:26,275 click button:客户信息
INFO 2020-10-28 16:40:27,377 select_customer_message finish
INFO 2020-10-28 16:40:27,378 change frame
INFO 2020-10-28 16:40:30,444 click update
INFO 2020-10-28 16:49:07,964 -----登录功能开始
INFO 2020-10-28 16:49:08,092 -----输入用户名：123
INFO 2020-10-28 16:49:08,202 -----输入密码：000
INFO 2020-10-28 16:49:09,392 -----点击登录
INFO 2020-10-28 16:49:18,380 -----登录功能开始
INFO 2020-10-28 16:49:18,523 -----输入用户名：admin
INFO 2020-10-28 16:49:18,633 -----输入密码：
INFO 2020-10-28 16:49:19,691 -----点击登录
INFO 2020-10-28 16:49:28,581 -----登录功能开始
INFO 2020-10-28 16:49:28,732 -----输入用户名：admin
INFO 2020-10-28 16:49:28,913 -----输入密码：123456
INFO 2020-10-28 16:49:30,383 -----点击登录
INFO 2020-10-28 16:49:39,294 -----登录功能开始
INFO 2020-10-28 16:49:39,425 -----输入用户名：
INFO 2020-10-28 16:49:39,570 -----输入密码：123456
INFO 2020-10-28 16:49:40,635 -----点击登录
INFO 2020-10-28 16:49:49,713 -----登录功能开始
INFO 2020-10-28 16:49:49,818 -----输入用户名：
INFO 2020-10-28 16:49:49,919 -----输入密码：
INFO 2020-10-28 16:49:50,978 -----点击登录
INFO 2020-10-28 16:50:02,465 -----登录功能开始
INFO 2020-10-28 16:50:02,583 -----输入用户名：admin
INFO 2020-10-28 16:50:02,699 -----输入密码：123456
INFO 2020-10-28 16:50:04,281 -----点击登录
INFO 2020-10-28 16:50:04,288 change frame
INFO 2020-10-28 16:50:04,386 click button:客户信息
INFO 2020-10-28 16:50:05,490 select_customer_message finish
INFO 2020-10-28 16:50:05,492 change frame
INFO 2020-10-28 16:50:08,573 click element
INFO 2020-10-28 16:50:10,065 input customer_name:李然
INFO 2020-10-28 16:50:10,223 input customer_email:123456@qq.com
INFO 2020-10-28 16:50:10,397 change readOnly
INFO 2020-10-28 16:50:10,411 input custome_birthday:2020-10-15  18:36:09
INFO 2020-10-28 16:50:10,573 input option_manager:admin
INFO 2020-10-28 16:50:10,718 click element
INFO 2020-10-28 16:50:11,870 create_customer finish
INFO 2020-10-28 16:50:11,887 change frame
INFO 2020-10-28 16:50:12,023 click button:客户分配
INFO 2020-10-28 16:50:13,117 select_customer_distribution finish
INFO 2020-10-28 16:50:13,118 change frame
INFO 2020-10-28 16:50:16,209 获得记录条数
INFO 2020-10-28 16:50:16,236 解析获得记录条数：16
INFO 2020-10-28 16:50:16,261 获得页面数据内容：李然
INFO 2020-10-28 16:50:16,283 从数据库中删除新增的记录：李然
INFO 2020-10-28 16:50:28,524 -----登录功能开始
INFO 2020-10-28 16:50:28,683 -----输入用户名：admin
INFO 2020-10-28 16:50:28,832 -----输入密码：123456
INFO 2020-10-28 16:50:30,982 -----点击登录
INFO 2020-10-28 16:50:30,989 change frame
INFO 2020-10-28 16:50:31,043 click button:客户信息
INFO 2020-10-28 16:50:32,162 select_customer_message finish
INFO 2020-10-28 16:50:32,163 change frame
INFO 2020-10-28 16:50:35,221 click update
INFO 2020-10-28 16:59:07,866 -----登录功能开始
INFO 2020-10-28 16:59:08,009 -----输入用户名：123
INFO 2020-10-28 16:59:08,117 -----输入密码：000
INFO 2020-10-28 16:59:09,250 -----点击登录
INFO 2020-10-28 16:59:17,855 -----登录功能开始
INFO 2020-10-28 16:59:17,992 -----输入用户名：admin
INFO 2020-10-28 16:59:18,088 -----输入密码：
INFO 2020-10-28 16:59:19,148 -----点击登录
INFO 2020-10-28 16:59:27,721 -----登录功能开始
INFO 2020-10-28 16:59:27,866 -----输入用户名：admin
INFO 2020-10-28 16:59:27,985 -----输入密码：123456
INFO 2020-10-28 16:59:29,836 -----点击登录
INFO 2020-10-28 16:59:38,729 -----登录功能开始
INFO 2020-10-28 16:59:38,837 -----输入用户名：
INFO 2020-10-28 16:59:38,964 -----输入密码：123456
INFO 2020-10-28 16:59:40,032 -----点击登录
INFO 2020-10-28 16:59:48,605 -----登录功能开始
INFO 2020-10-28 16:59:48,741 -----输入用户名：
INFO 2020-10-28 16:59:48,844 -----输入密码：
INFO 2020-10-28 16:59:49,906 -----点击登录
INFO 2020-10-28 16:59:59,515 -----登录功能开始
INFO 2020-10-28 16:59:59,676 -----输入用户名：admin
INFO 2020-10-28 16:59:59,811 -----输入密码：123456
INFO 2020-10-28 17:00:01,533 -----点击登录
INFO 2020-10-28 17:00:01,541 change frame
INFO 2020-10-28 17:00:01,611 click button:客户信息
INFO 2020-10-28 17:00:02,712 select_customer_message finish
INFO 2020-10-28 17:00:02,713 change frame
INFO 2020-10-28 17:00:05,797 click element
INFO 2020-10-28 17:00:07,417 input customer_name:李然
INFO 2020-10-28 17:00:07,571 input customer_email:123456@qq.com
INFO 2020-10-28 17:00:07,741 change readOnly
INFO 2020-10-28 17:00:07,754 input custome_birthday:2020-10-15  18:36:09
INFO 2020-10-28 17:00:07,954 input option_manager:admin
INFO 2020-10-28 17:00:08,072 click element
INFO 2020-10-28 17:00:09,268 create_customer finish
INFO 2020-10-28 17:00:09,284 change frame
INFO 2020-10-28 17:00:09,420 click button:客户分配
INFO 2020-10-28 17:00:10,504 select_customer_distribution finish
INFO 2020-10-28 17:00:10,505 change frame
INFO 2020-10-28 17:00:13,544 获得记录条数
INFO 2020-10-28 17:00:13,572 解析获得记录条数：14
INFO 2020-10-28 17:00:13,597 获得页面数据内容：李然
INFO 2020-10-28 17:00:13,626 从数据库中删除新增的记录：李然
INFO 2020-10-28 17:00:23,362 -----登录功能开始
INFO 2020-10-28 17:00:23,522 -----输入用户名：admin
INFO 2020-10-28 17:00:23,643 -----输入密码：123456
INFO 2020-10-28 17:00:25,074 -----点击登录
INFO 2020-10-28 17:00:25,080 change frame
INFO 2020-10-28 17:00:25,116 click button:客户信息
INFO 2020-10-28 17:00:26,212 select_customer_message finish
INFO 2020-10-28 17:00:26,213 change frame
INFO 2020-10-28 17:00:29,291 click update
INFO 2020-10-28 17:09:07,860 -----登录功能开始
INFO 2020-10-28 17:09:08,016 -----输入用户名：123
INFO 2020-10-28 17:09:08,146 -----输入密码：000
INFO 2020-10-28 17:09:09,287 -----点击登录
INFO 2020-10-28 17:09:18,981 -----登录功能开始
INFO 2020-10-28 17:09:19,110 -----输入用户名：admin
INFO 2020-10-28 17:09:19,207 -----输入密码：
INFO 2020-10-28 17:09:20,268 -----点击登录
INFO 2020-10-28 17:09:29,092 -----登录功能开始
INFO 2020-10-28 17:09:29,250 -----输入用户名：admin
INFO 2020-10-28 17:09:29,394 -----输入密码：123456
INFO 2020-10-28 17:09:30,809 -----点击登录
INFO 2020-10-28 17:09:40,478 -----登录功能开始
INFO 2020-10-28 17:09:40,634 -----输入用户名：
INFO 2020-10-28 17:09:40,787 -----输入密码：123456
INFO 2020-10-28 17:09:41,856 -----点击登录
INFO 2020-10-28 17:09:52,451 -----登录功能开始
INFO 2020-10-28 17:09:52,570 -----输入用户名：
INFO 2020-10-28 17:09:52,673 -----输入密码：
INFO 2020-10-28 17:09:53,734 -----点击登录
INFO 2020-10-28 17:10:03,697 -----登录功能开始
INFO 2020-10-28 17:10:03,856 -----输入用户名：admin
INFO 2020-10-28 17:10:03,987 -----输入密码：123456
INFO 2020-10-28 17:10:06,139 -----点击登录
INFO 2020-10-28 17:10:06,149 change frame
INFO 2020-10-28 17:10:06,185 click button:客户信息
INFO 2020-10-28 17:10:07,284 select_customer_message finish
INFO 2020-10-28 17:10:07,285 change frame
INFO 2020-10-28 17:10:10,360 click element
INFO 2020-10-28 17:10:11,633 input customer_name:李然
INFO 2020-10-28 17:10:11,767 input customer_email:123456@qq.com
INFO 2020-10-28 17:10:11,932 change readOnly
INFO 2020-10-28 17:10:11,944 input custome_birthday:2020-10-15  18:36:09
INFO 2020-10-28 17:10:12,135 input option_manager:admin
INFO 2020-10-28 17:10:12,280 click element
INFO 2020-10-28 17:10:13,447 create_customer finish
INFO 2020-10-28 17:10:13,460 change frame
INFO 2020-10-28 17:10:13,613 click button:客户分配
INFO 2020-10-28 17:10:14,700 select_customer_distribution finish
INFO 2020-10-28 17:10:14,701 change frame
INFO 2020-10-28 17:10:17,752 获得记录条数
INFO 2020-10-28 17:10:17,780 解析获得记录条数：13
INFO 2020-10-28 17:10:17,806 获得页面数据内容：李然
INFO 2020-10-28 17:10:17,828 从数据库中删除新增的记录：李然
INFO 2020-10-28 17:10:29,020 -----登录功能开始
INFO 2020-10-28 17:10:29,159 -----输入用户名：admin
INFO 2020-10-28 17:10:29,261 -----输入密码：123456
INFO 2020-10-28 17:10:30,630 -----点击登录
INFO 2020-10-28 17:10:30,636 change frame
INFO 2020-10-28 17:10:30,672 click button:客户信息
INFO 2020-10-28 17:10:31,773 select_customer_message finish
INFO 2020-10-28 17:10:31,775 change frame
INFO 2020-10-28 17:10:34,853 click update
INFO 2020-10-28 17:19:24,589 -----登录功能开始
INFO 2020-10-28 17:19:24,752 -----输入用户名：admin
INFO 2020-10-28 17:19:24,857 -----输入密码：
INFO 2020-10-28 17:19:25,918 -----点击登录
INFO 2020-10-28 17:19:34,812 -----登录功能开始
INFO 2020-10-28 17:19:35,130 -----输入用户名：admin
INFO 2020-10-28 17:19:35,404 -----输入密码：123456
INFO 2020-10-28 17:19:36,790 -----点击登录
INFO 2020-10-28 17:19:46,229 -----登录功能开始
INFO 2020-10-28 17:19:46,343 -----输入用户名：
INFO 2020-10-28 17:19:46,445 -----输入密码：123456
INFO 2020-10-28 17:19:47,518 -----点击登录
INFO 2020-10-28 17:19:56,264 -----登录功能开始
INFO 2020-10-28 17:19:56,367 -----输入用户名：
INFO 2020-10-28 17:19:56,460 -----输入密码：
INFO 2020-10-28 17:19:57,527 -----点击登录
INFO 2020-10-28 17:24:40,240 -----登录功能开始
INFO 2020-10-28 17:24:40,339 -----输入用户名：admin
INFO 2020-10-28 17:24:40,435 -----输入密码：123456
INFO 2020-10-28 17:24:41,944 -----点击登录
INFO 2020-10-28 17:25:27,995 -----登录功能开始
INFO 2020-10-28 17:25:28,093 -----输入用户名：123
INFO 2020-10-28 17:25:28,184 -----输入密码：000
INFO 2020-10-28 17:25:29,279 -----点击登录
INFO 2020-10-28 17:25:38,135 -----登录功能开始
INFO 2020-10-28 17:25:38,231 -----输入用户名：admin
INFO 2020-10-28 17:25:38,320 -----输入密码：
INFO 2020-10-28 17:25:39,377 -----点击登录
INFO 2020-10-28 17:25:47,840 -----登录功能开始
INFO 2020-10-28 17:25:47,948 -----输入用户名：admin
INFO 2020-10-28 17:25:48,042 -----输入密码：123456
INFO 2020-10-28 17:25:49,252 -----点击登录
INFO 2020-10-28 17:25:57,911 -----登录功能开始
INFO 2020-10-28 17:25:58,005 -----输入用户名：
INFO 2020-10-28 17:25:58,101 -----输入密码：123456
INFO 2020-10-28 17:25:59,155 -----点击登录
INFO 2020-10-28 17:26:07,773 -----登录功能开始
INFO 2020-10-28 17:26:07,873 -----输入用户名：
INFO 2020-10-28 17:26:07,972 -----输入密码：
INFO 2020-10-28 17:26:09,028 -----点击登录
INFO 2020-10-28 17:29:08,082 -----登录功能开始
INFO 2020-10-28 17:29:08,177 -----输入用户名：123
INFO 2020-10-28 17:29:08,270 -----输入密码：000
INFO 2020-10-28 17:29:09,366 -----点击登录
INFO 2020-10-28 17:29:17,806 -----登录功能开始
INFO 2020-10-28 17:29:17,905 -----输入用户名：admin
INFO 2020-10-28 17:29:17,996 -----输入密码：
INFO 2020-10-28 17:29:19,050 -----点击登录
INFO 2020-10-28 17:29:27,809 -----登录功能开始
INFO 2020-10-28 17:29:27,907 -----输入用户名：admin
INFO 2020-10-28 17:29:28,002 -----输入密码：123456
INFO 2020-10-28 17:29:49,456 -----点击登录
INFO 2020-10-28 17:29:57,926 -----登录功能开始
INFO 2020-10-28 17:29:58,018 -----输入用户名：
INFO 2020-10-28 17:29:58,113 -----输入密码：123456
INFO 2020-10-28 17:29:59,169 -----点击登录
INFO 2020-10-28 17:30:07,597 -----登录功能开始
INFO 2020-10-28 17:30:07,692 -----输入用户名：
INFO 2020-10-28 17:30:07,794 -----输入密码：
INFO 2020-10-28 17:30:08,849 -----点击登录
INFO 2020-10-28 17:39:08,040 -----登录功能开始
INFO 2020-10-28 17:39:08,139 -----输入用户名：123
INFO 2020-10-28 17:39:08,232 -----输入密码：000
INFO 2020-10-28 17:39:09,335 -----点击登录
INFO 2020-10-28 17:39:17,822 -----登录功能开始
INFO 2020-10-28 17:39:17,923 -----输入用户名：admin
INFO 2020-10-28 17:39:18,013 -----输入密码：
INFO 2020-10-28 17:39:19,070 -----点击登录
INFO 2020-10-28 17:39:27,808 -----登录功能开始
INFO 2020-10-28 17:39:27,906 -----输入用户名：admin
INFO 2020-10-28 17:39:28,000 -----输入密码：123456
INFO 2020-10-28 17:39:29,670 -----点击登录
INFO 2020-10-28 17:39:38,247 -----登录功能开始
INFO 2020-10-28 17:39:38,353 -----输入用户名：
INFO 2020-10-28 17:39:38,448 -----输入密码：123456
INFO 2020-10-28 17:39:39,505 -----点击登录
INFO 2020-10-28 17:39:47,918 -----登录功能开始
INFO 2020-10-28 17:39:48,018 -----输入用户名：
INFO 2020-10-28 17:39:48,109 -----输入密码：
INFO 2020-10-28 17:39:49,166 -----点击登录
INFO 2020-10-28 17:49:08,036 -----登录功能开始
INFO 2020-10-28 17:49:08,136 -----输入用户名：123
INFO 2020-10-28 17:49:08,228 -----输入密码：000
INFO 2020-10-28 17:49:09,313 -----点击登录
INFO 2020-10-28 17:49:17,840 -----登录功能开始
INFO 2020-10-28 17:49:17,981 -----输入用户名：admin
INFO 2020-10-28 17:49:18,091 -----输入密码：
INFO 2020-10-28 17:49:19,155 -----点击登录
INFO 2020-10-28 17:49:27,786 -----登录功能开始
INFO 2020-10-28 17:49:27,889 -----输入用户名：admin
INFO 2020-10-28 17:49:27,986 -----输入密码：123456
INFO 2020-10-28 17:49:29,268 -----点击登录
INFO 2020-10-28 17:49:37,852 -----登录功能开始
INFO 2020-10-28 17:49:37,950 -----输入用户名：
INFO 2020-10-28 17:49:38,052 -----输入密码：123456
INFO 2020-10-28 17:49:39,117 -----点击登录
INFO 2020-10-28 17:49:47,698 -----登录功能开始
INFO 2020-10-28 17:49:47,795 -----输入用户名：
INFO 2020-10-28 17:49:47,888 -----输入密码：
INFO 2020-10-28 17:49:48,944 -----点击登录
INFO 2020-10-28 17:59:28,988 -----登录功能开始
INFO 2020-10-28 17:59:32,030 -----输入用户名：123
INFO 2020-10-28 17:59:35,066 -----输入密码：000
INFO 2020-10-28 17:59:38,105 -----点击登录
INFO 2020-10-28 18:00:07,750 -----登录功能开始
INFO 2020-10-28 18:00:10,793 -----输入用户名：admin
INFO 2020-10-28 18:00:13,817 -----输入密码：
INFO 2020-10-28 18:00:16,852 -----点击登录
INFO 2020-10-28 18:00:46,629 -----登录功能开始
INFO 2020-10-28 18:00:49,669 -----输入用户名：admin
INFO 2020-10-28 18:00:52,714 -----输入密码：123456
INFO 2020-10-28 18:00:55,752 -----点击登录
INFO 2020-10-28 18:01:25,287 -----登录功能开始
INFO 2020-10-28 18:01:28,326 -----输入用户名：
INFO 2020-10-28 18:01:31,364 -----输入密码：123456
INFO 2020-10-28 18:01:34,396 -----点击登录
INFO 2020-10-28 18:02:04,032 -----登录功能开始
INFO 2020-10-28 18:02:07,069 -----输入用户名：
INFO 2020-10-28 18:02:10,103 -----输入密码：
INFO 2020-10-28 18:02:13,135 -----点击登录
INFO 2020-10-28 18:09:08,144 -----登录功能开始
INFO 2020-10-28 18:09:08,274 -----输入用户名：123
INFO 2020-10-28 18:09:08,367 -----输入密码：000
INFO 2020-10-28 18:09:09,461 -----点击登录
INFO 2020-10-28 18:09:17,935 -----登录功能开始
INFO 2020-10-28 18:09:18,034 -----输入用户名：admin
INFO 2020-10-28 18:09:18,125 -----输入密码：
INFO 2020-10-28 18:09:19,180 -----点击登录
INFO 2020-10-28 18:09:27,768 -----登录功能开始
INFO 2020-10-28 18:09:27,867 -----输入用户名：admin
INFO 2020-10-28 18:09:27,978 -----输入密码：123456
INFO 2020-10-28 18:09:29,482 -----点击登录
INFO 2020-10-28 18:09:37,961 -----登录功能开始
INFO 2020-10-28 18:09:38,053 -----输入用户名：
INFO 2020-10-28 18:09:38,147 -----输入密码：123456
INFO 2020-10-28 18:09:39,203 -----点击登录
INFO 2020-10-28 18:09:47,727 -----登录功能开始
INFO 2020-10-28 18:09:47,819 -----输入用户名：
INFO 2020-10-28 18:09:47,925 -----输入密码：
INFO 2020-10-28 18:09:48,979 -----点击登录
